4.01152e+09
-3.51994e+06
1.05204e+06
-624918
630189
216907
-604200
-528647
311553
-537387
399486
-471555
-293453
472034
-192655
461971
357381
-415689
362003
-33149.1
396894
-79319.3
383556
215100
-395610
-265146
383447
-335828
306678
-292967
367004
-168700
360667
-80220.6
348857
141891
-340706
-303734
267568
-315765
-169447
328462
150335
-310894
-243545
278955
77962.6
-304225
115816
-301543
4.0207e+09
-3.52325e+06
1.05581e+06
-643315
622549
-497952
545991
378825
-531691
242277
-508632
-431457
472389
68659.8
-435476
392248
-313361
404530
-242341
416743
209883
-281759
415576
-311320
323171
-385907
88317.7
-362962
-184913
358037
-196242
357087
269976
-337904
80351
-330183
284395
-314359
283349
-191531
329170
295231
-193424
318125
53483.9
-287949
-148187
307698
163240
-290787
4.01444e+09
-3.52577e+06
1.07837e+06
-532290
747815
314725
-646581
-49840.2
513916
-514493
-469923
212026
-481936
-247837
466545
-326793
415975
165642
-426346
-195830
403153
344743
-360251
-328503
345039
-205544
387817
257118
-362463
319082
42522
301787
-329269
-320306
309340
174448
-338519
225493
-326271
202357
-324776
268948
217247
-324767
265061
-41897.5
296717
112854
-299915
203668
4.00384e+09
-3.5085e+06
1.07446e+06
-648578
656455
-553948
544606
502002
-453068
61836.3
-501961
390285
-404457
412477
-190097
428397
389326
-326096
403982
17036.8
-339517
335067
-412045
297943
-389177
343656
-251114
374850
-208738
382695
123587
-360901
-239785
357262
-216337
349909
-58938
326125
275954
-117136
325567
-209720
305083
-24098.9
272920
-293502
198318
-299752
100257
-300253
4.02373e+09
-3.52607e+06
1.06813e+06
-627689
630353
210813
-584432
-533384
491425
-413622
444589
179050
-476995
417153
-330235
439106
-256406
434262
366719
-403424
163575
-405598
-289087
351710
-270625
402956
180440
-381110
-99438.1
359168
-18806.7
302062
-218574
371715
22717
-315120
200999
-330236
-53960.7
316230
191158
-332643
173333
-319612
237667
-302469
270931
-277092
159531
-301832
